[debug] [2025-04-01T18:38:56.372Z] ----------------------------------------------------------------------
[debug] [2025-04-01T18:38:56.376Z] Command:       C:\Program Files\nodejs\node.exe C:\Users\x523726\AppData\Roaming\npm\node_modules\firebase-tools\lib\bin\firebase.js login
[debug] [2025-04-01T18:38:56.377Z] CLI Version:   14.0.1
[debug] [2025-04-01T18:38:56.377Z] Platform:      win32
[debug] [2025-04-01T18:38:56.377Z] Node Version:  v20.18.0
[debug] [2025-04-01T18:38:56.377Z] Time:          Tue Apr 01 2025 15:38:56 GMT-0300 (Horário Padrão de Brasília)
[debug] [2025-04-01T18:38:56.377Z] ----------------------------------------------------------------------
[debug] 
[info] Already logged in as ironfitacademia05@gmail.com
[debug] [2025-04-01T18:39:06.460Z] Error: Timed out.
    at Timeout._onTimeout (C:\Users\x523726\AppData\Roaming\npm\node_modules\firebase-tools\lib\utils.js:269:49)
    at listOnTimeout (node:internal/timers:581:17)
    at process.processTimers (node:internal/timers:519:7)
[error] 
[error] Error: An unexpected error has occurred.
[debug] [2025-04-01T18:39:13.570Z] ----------------------------------------------------------------------
[debug] [2025-04-01T18:39:13.575Z] Command:       C:\Program Files\nodejs\node.exe C:\Users\x523726\AppData\Roaming\npm\node_modules\firebase-tools\lib\bin\firebase.js deploy
[debug] [2025-04-01T18:39:13.575Z] CLI Version:   14.0.1
[debug] [2025-04-01T18:39:13.576Z] Platform:      win32
[debug] [2025-04-01T18:39:13.576Z] Node Version:  v20.18.0
[debug] [2025-04-01T18:39:13.576Z] Time:          Tue Apr 01 2025 15:39:13 GMT-0300 (Horário Padrão de Brasília)
[debug] [2025-04-01T18:39:13.576Z] ----------------------------------------------------------------------
[debug] 
[debug] [2025-04-01T18:39:18.637Z] Error: Timed out.
    at Timeout._onTimeout (C:\Users\x523726\AppData\Roaming\npm\node_modules\firebase-tools\lib\utils.js:269:49)
    at listOnTimeout (node:internal/timers:581:17)
    at process.processTimers (node:internal/timers:519:7)
[error] 
[error] Error: An unexpected error has occurred.
